This is pdfTeX, Version 3.141592653-2.6-1.40.22 (TeX Live 2022/dev/Debian) (preloaded format=pdflatex 2022.7.24)  27 OCT 2022 22:50
entering extended mode
 restricted \write18 enabled.
 file:line:error style messages enabled.
 %&-line parsing enabled.
**"/home/luisg/Documents/Incremental-Learning/El aprendizaje incrementado en el uso de las redes neuronales.tex"
(/home/luisg/Documents/Incremental-Learning/El aprendizaje incrementado en el uso de las redes neuronales.tex
LaTeX2e <2021-11-15> patch level 1
L3 programming layer <2022-01-21> (/usr/share/texlive/texmf-dist/tex/latex/base/report.cls
Document Class: report 2021/10/04 v1.4n Standard LaTeX document class
(/usr/share/texlive/texmf-dist/tex/latex/base/size10.clo
File: size10.clo 2021/10/04 v1.4n Standard LaTeX file (size option)
)
\c@part=\count185
\c@chapter=\count186
\c@section=\count187
\c@subsection=\count188
\c@subsubsection=\count189
\c@paragraph=\count190
\c@subparagraph=\count191
\c@figure=\count192
\c@table=\count193
\abovecaptionskip=\skip47
\belowcaptionskip=\skip48
\bibindent=\dimen138
) (/usr/share/texlive/texmf-dist/tex/generic/babel/babel.sty
Package: babel 2022/01/26 3.70 The Babel package
\babel@savecnt=\count194
\U@D=\dimen139
\l@unhyphenated=\language87
 (/usr/share/texlive/texmf-dist/tex/generic/babel/txtbabel.def)
\bbl@readstream=\read2
\bbl@dirlevel=\count195
 (/usr/share/texlive/texmf-dist/tex/generic/babel-spanish/spanish.ldf
Language: spanish.ldf 2021/05/27 v5.0q Spanish support from the babel system
\es@quottoks=\toks16
\es@quotdepth=\count196
Package babel Info: Making " an active character on input line 570.
)) (/usr/share/texlive/texmf-dist/tex/latex/base/inputenc.sty
Package: inputenc 2021/02/14 v1.3d Input encoding file
\inpenc@prehook=\toks17
\inpenc@posthook=\toks18
) (/usr/share/texlive/texmf-dist/tex/latex/setspace/setspace.sty
Package: setspace 2011/12/19 v6.7a set line spacing
) (/usr/share/texlive/texmf-dist/tex/latex/geometry/geometry.sty
Package: geometry 2020/01/02 v5.9 Page Geometry
 (/usr/share/texlive/texmf-dist/tex/latex/graphics/keyval.sty
Package: keyval 2014/10/28 v1.15 key=value parser (DPC)
\KV@toks@=\toks19
) (/usr/share/texlive/texmf-dist/tex/generic/iftex/ifvtex.sty
Package: ifvtex 2019/10/25 v1.7 ifvtex legacy package. Use iftex instead.
 (/usr/share/texlive/texmf-dist/tex/generic/iftex/iftex.sty
Package: iftex 2020/03/06 v1.0d TeX engine tests
))
\Gm@cnth=\count197
\Gm@cntv=\count198
\c@Gm@tempcnt=\count199
\Gm@bindingoffset=\dimen140
\Gm@wd@mp=\dimen141
\Gm@odd@mp=\dimen142
\Gm@even@mp=\dimen143
\Gm@layoutwidth=\dimen144
\Gm@layoutheight=\dimen145
\Gm@layouthoffset=\dimen146
\Gm@layoutvoffset=\dimen147
\Gm@dimlist=\toks20
) (/usr/share/texlive/texmf-dist/tex/latex/natbib/natbib.sty
Package: natbib 2010/09/13 8.31b (PWD, AO)
\bibhang=\skip49
\bibsep=\skip50
LaTeX Info: Redefining \cite on input line 694.
\c@NAT@ctr=\count266
) (/usr/share/texlive/texmf-dist/tex/latex/base/makeidx.sty
Package: makeidx 2021/10/04 v1.0m Standard LaTeX package
) (/usr/share/texlive/texmf-dist/tex/latex/url/url.sty
\Urlmuskip=\muskip16
Package: url 2013/09/16  ver 3.4  Verb mode for urls, etc.
) (/usr/share/texlive/texmf-dist/tex/latex/subfig/subfig.sty
Package: subfig 2005/06/28 ver: 1.3 subfig package
 (/usr/share/texlive/texmf-dist/tex/latex/caption/caption.sty
Package: caption 2020/10/26 v3.5g Customizing captions (AR)
 (/usr/share/texlive/texmf-dist/tex/latex/caption/caption3.sty
Package: caption3 2020/10/21 v2.2e caption3 kernel (AR)
\captionmargin=\dimen148
\captionmargin@=\dimen149
\captionwidth=\dimen150
\caption@tempdima=\dimen151
\caption@indent=\dimen152
\caption@parindent=\dimen153
\caption@hangindent=\dimen154
Package caption Info: Standard document class detected.
)
\c@caption@flags=\count267
\c@continuedfloat=\count268
)
\c@KVtest=\count269
\sf@farskip=\skip51
\sf@captopadj=\dimen155
\sf@capskip=\skip52
\sf@nearskip=\skip53
\c@subfigure=\count270
\c@subfigure@save=\count271
\c@lofdepth=\count272
\c@subtable=\count273
\c@subtable@save=\count274
\c@lotdepth=\count275
\sf@top=\skip54
\sf@bottom=\skip55
) (/usr/share/texlive/texmf-dist/tex/latex/graphics/epsfig.sty
Package: epsfig 2017/06/25 v1.7b (e)psfig emulation (SPQR)
 (/usr/share/texlive/texmf-dist/tex/latex/graphics/graphicx.sty
Package: graphicx 2021/09/16 v1.2d Enhanced LaTeX Graphics (DPC,SPQR)
 (/usr/share/texlive/texmf-dist/tex/latex/graphics/graphics.sty
Package: graphics 2021/03/04 v1.4d Standard LaTeX Graphics (DPC,SPQR)
 (/usr/share/texlive/texmf-dist/tex/latex/graphics/trig.sty
Package: trig 2021/08/11 v1.11 sin cos tan (DPC)
) (/usr/share/texlive/texmf-dist/tex/latex/graphics-cfg/graphics.cfg
File: graphics.cfg 2016/06/04 v1.11 sample graphics configuration
)
Package graphics Info: Driver file: pdftex.def on input line 107.
 (/usr/share/texlive/texmf-dist/tex/latex/graphics-def/pdftex.def
File: pdftex.def 2020/10/05 v1.2a Graphics/color driver for pdftex
))
\Gin@req@height=\dimen156
\Gin@req@width=\dimen157
)
\epsfxsize=\dimen158
\epsfysize=\dimen159
) (/usr/share/texlive/texmf-dist/tex/latex/multirow/multirow.sty
Package: multirow 2021/03/15 v2.8 Span multiple rows of a table
\multirow@colwidth=\skip56
\multirow@cntb=\count276
\multirow@dima=\skip57
\bigstrutjot=\dimen160
) (/usr/share/texlive/texmf-dist/tex/latex/multirow/bigstrut.sty
Package: bigstrut 2021/03/15 v2.8 Provide larger struts in tabulars
) (/usr/share/texlive/texmf-dist/tex/latex/booktabs/booktabs.sty
Package: booktabs 2020/01/12 v1.61803398 Publication quality tables
\heavyrulewidth=\dimen161
\lightrulewidth=\dimen162
\cmidrulewidth=\dimen163
\belowrulesep=\dimen164
\belowbottomsep=\dimen165
\aboverulesep=\dimen166
\abovetopsep=\dimen167
\cmidrulesep=\dimen168
\cmidrulekern=\dimen169
\defaultaddspace=\dimen170
\@cmidla=\count277
\@cmidlb=\count278
\@aboverulesep=\dimen171
\@belowrulesep=\dimen172
\@thisruleclass=\count279
\@lastruleclass=\count280
\@thisrulewidth=\dimen173
) (/usr/share/texlive/texmf-dist/tex/latex/graphics/rotating.sty
Package: rotating 2016/08/11 v2.16d rotated objects in LaTeX
 (/usr/share/texlive/texmf-dist/tex/latex/base/ifthen.sty
Package: ifthen 2020/11/24 v1.1c Standard LaTeX ifthen package (DPC)
)
\c@r@tfl@t=\count281
\rotFPtop=\skip58
\rotFPbot=\skip59
\rot@float@box=\box50
\rot@mess@toks=\toks21
) (/usr/share/texlive/texmf-dist/tex/latex/algorithms/algorithm.sty
Package: algorithm 2009/08/24 v0.1 Document Style `algorithm' - floating environment
 (/usr/share/texlive/texmf-dist/tex/latex/float/float.sty
Package: float 2001/11/08 v1.3d Float enhancements (AL)
\c@float@type=\count282
\float@exts=\toks22
\float@box=\box51
\@float@everytoks=\toks23
\@floatcapt=\box52
)
\@float@every@algorithm=\toks24
\c@algorithm=\count283
) (/usr/share/texlive/texmf-dist/tex/latex/acronym/acronym.sty
Package: acronym 2020/04/17 v1.47 Support for acronyms (Tobias Oetiker)
 (/usr/share/texlive/texmf-dist/tex/latex/bigfoot/suffix.sty
Package: suffix 2006/07/15 1.5a Variant command support
) (/usr/share/texlive/texmf-dist/tex/generic/xstring/xstring.sty (/usr/share/texlive/texmf-dist/tex/generic/xstring/xstring.tex
\integerpart=\count284
\decimalpart=\count285
)
Package: xstring 2021/07/21 v1.84 String manipulations (CT)
)
\AC@clearlist=\toks25
) (/usr/share/texlive/texmf-dist/tex/latex/hyphenat/hyphenat.sty
Package: hyphenat 2009/09/02 v2.3c hyphenation utilities
\langwohyphens=\language88
LaTeX Info: Redefining \_ on input line 43.
) (/usr/share/texlive/texmf-dist/tex/latex/tools/array.sty
Package: array 2021/10/04 v2.5f Tabular extension package (FMi)
\col@sep=\dimen174
\ar@mcellbox=\box53
\extrarowheight=\dimen175
\NC@list=\toks26
\extratabsurround=\skip60
\backup@length=\skip61
\ar@cellbox=\box54
) (/usr/share/texlive/texmf-dist/tex/latex/pdfpages/pdfpages.sty
Package: pdfpages 2022/01/29 v0.5u Insert pages of external PDF documents (AM)
 (/usr/share/texlive/texmf-dist/tex/latex/tools/calc.sty
Package: calc 2017/05/25 v4.3 Infix arithmetic (KKT,FJ)
\calc@Acount=\count286
\calc@Bcount=\count287
\calc@Adimen=\dimen176
\calc@Bdimen=\dimen177
\calc@Askip=\skip62
\calc@Bskip=\skip63
LaTeX Info: Redefining \setlength on input line 80.
LaTeX Info: Redefining \addtolength on input line 81.
\calc@Ccount=\count288
\calc@Cskip=\skip64
) (/usr/share/texlive/texmf-dist/tex/latex/eso-pic/eso-pic.sty
Package: eso-pic 2020/10/14 v3.0a eso-pic (RN)
\ESO@tempdima=\dimen178
\ESO@tempdimb=\dimen179
 (/usr/share/texlive/texmf-dist/tex/latex/xcolor/xcolor.sty
Package: xcolor 2021/10/31 v2.13 LaTeX color extensions (UK)
 (/usr/share/texlive/texmf-dist/tex/latex/graphics-cfg/color.cfg
File: color.cfg 2016/01/02 v1.6 sample color configuration
)
Package xcolor Info: Driver file: pdftex.def on input line 227.
Package xcolor Info: Model `cmy' substituted by `cmy0' on input line 1352.
Package xcolor Info: Model `hsb' substituted by `rgb' on input line 1356.
Package xcolor Info: Model `RGB' extended on input line 1368.
Package xcolor Info: Model `HTML' substituted by `rgb' on input line 1370.
Package xcolor Info: Model `Hsb' substituted by `hsb' on input line 1371.
Package xcolor Info: Model `tHsb' substituted by `hsb' on input line 1372.
Package xcolor Info: Model `HSB' substituted by `hsb' on input line 1373.
Package xcolor Info: Model `Gray' substituted by `gray' on input line 1374.
Package xcolor Info: Model `wave' substituted by `hsb' on input line 1375.
))
\AM@pagewidth=\dimen180
\AM@pageheight=\dimen181
\AM@fboxrule=\dimen182
 (/usr/share/texlive/texmf-dist/tex/latex/pdfpages/pppdftex.def
File: pppdftex.def 2022/01/29 v0.5u Pdfpages driver for pdfTeX (AM)
)
\pdfpages@includegraphics@status=\count289
\AM@pagebox=\box55
\AM@global@opts=\toks27
\AM@pagecnt=\count290
\AM@toc@title=\toks28
\c@AM@survey=\count291
\AM@templatesizebox=\box56
) (/usr/share/texlive/texmf-dist/tex/latex/pdflscape/pdflscape.sty
Package: pdflscape 2019/12/05 v0.12 Display of landscape pages in PDF (HO)
 (/usr/share/texlive/texmf-dist/tex/latex/graphics/lscape.sty
Package: lscape 2020/05/28 v3.02 Landscape Pages (DPC)
)
Package pdflscape Info: Auto-detected driver: pdftex on input line 81.
) (/usr/share/texlive/texmf-dist/tex/latex/base/textcomp.sty
Package: textcomp 2020/02/02 v2.0n Standard LaTeX package
)
\@indexfile=\write3
\openout3 = `"El aprendizaje incrementado en el uso de las redes neuronales.idx"'.


Writing index file "El aprendizaje incrementado en el uso de las redes neuronales".idx
(/usr/share/texlive/texmf-dist/tex/latex/l3backend/l3backend-pdftex.def
File: l3backend-pdftex.def 2022-01-12 L3 backend support: PDF output (pdfTeX)
\l__color_backend_stack_int=\count292
\l__pdf_internal_box=\box57
) (build/El aprendizaje incrementado en el uso de las redes neuronales.aux)
\openout1 = `"El aprendizaje incrementado en el uso de las redes neuronales.aux"'.

LaTeX Font Info:    Checking defaults for OML/cmm/m/it on input line 85.
LaTeX Font Info:    ... okay on input line 85.
LaTeX Font Info:    Checking defaults for OMS/cmsy/m/n on input line 85.
LaTeX Font Info:    ... okay on input line 85.
LaTeX Font Info:    Checking defaults for OT1/cmr/m/n on input line 85.
LaTeX Font Info:    ... okay on input line 85.
LaTeX Font Info:    Checking defaults for T1/cmr/m/n on input line 85.
LaTeX Font Info:    ... okay on input line 85.
LaTeX Font Info:    Checking defaults for TS1/cmr/m/n on input line 85.
LaTeX Font Info:    ... okay on input line 85.
LaTeX Font Info:    Checking defaults for OMX/cmex/m/n on input line 85.
LaTeX Font Info:    ... okay on input line 85.
LaTeX Font Info:    Checking defaults for U/cmr/m/n on input line 85.
LaTeX Font Info:    ... okay on input line 85.
LaTeX Info: Redefining \. on input line 85.
LaTeX Info: Redefining \% on input line 85.

*geometry* driver: auto-detecting
*geometry* detected driver: pdftex
*geometry* verbose mode - [ preamble ] result:
* driver: pdftex
* paper: a4paper
* layout: <same size as paper>
* layoutoffset:(h,v)=(0.0pt,0.0pt)
* modes: 
* h-part:(L,W,R)=(93.89418pt, 446.70819pt, 56.9055pt)
* v-part:(T,H,B)=(68.28644pt, 699.93806pt, 76.82234pt)
* \paperwidth=597.50787pt
* \paperheight=845.04684pt
* \textwidth=446.70819pt
* \textheight=699.93806pt
* \oddsidemargin=21.62419pt
* \evensidemargin=21.62419pt
* \topmargin=-40.98355pt
* \headheight=12.0pt
* \headsep=25.0pt
* \topskip=10.0pt
* \footskip=30.0pt
* \marginparwidth=57.0pt
* \marginparsep=11.0pt
* \columnsep=10.0pt
* \skip\footins=9.0pt plus 4.0pt minus 2.0pt
* \hoffset=0.0pt
* \voffset=0.0pt
* \mag=1000
* \@twocolumnfalse
* \@twosidefalse
* \@mparswitchfalse
* \@reversemarginfalse
* (1in=72.27pt=25.4mm, 1cm=28.453pt)

Package caption Info: Begin \AtBeginDocument code.
Package caption Info: subfig package v1.3 is loaded.
Package caption Info: float package is loaded.
Package caption Info: rotating package is loaded.
Package caption Info: End \AtBeginDocument code.
(/usr/share/texlive/texmf-dist/tex/context/base/mkii/supp-pdf.mkii
[Loading MPS to PDF converter (version 2006.09.02).]
\scratchcounter=\count293
\scratchdimen=\dimen183
\scratchbox=\box58
\nofMPsegments=\count294
\nofMParguments=\count295
\everyMPshowfont=\toks29
\MPscratchCnt=\count296
\MPscratchDim=\dimen184
\MPnumerator=\count297
\makeMPintoPDFobject=\count298
\everyMPtoPDFconversion=\toks30
) (/usr/share/texlive/texmf-dist/tex/latex/epstopdf-pkg/epstopdf-base.sty
Package: epstopdf-base 2020-01-24 v2.11 Base part for package epstopdf
Package epstopdf-base Info: Redefining graphics rule for `.eps' on input line 485.
 (/usr/share/texlive/texmf-dist/tex/latex/latexconfig/epstopdf-sys.cfg
File: epstopdf-sys.cfg 2010/07/13 v1.3 Configuration of (r)epstopdf for TeX Live
))

pdfTeX warning: pdflatex (file ./textFiles/portada.pdf): PDF inclusion: found PDF version <1.6>, but at most version <1.5> allowed
<textFiles/portada.pdf, id=1, 614.295pt x 794.97pt>
File: textFiles/portada.pdf Graphic file (type pdf)
<use textFiles/portada.pdf>
Package pdftex.def Info: textFiles/portada.pdf  used on input line 87.
(pdftex.def)             Requested size: 614.29349pt x 794.96806pt.


pdfTeX warning: pdflatex (file ./textFiles/portada.pdf): PDF inclusion: found PDF version <1.6>, but at most version <1.5> allowed
File: textFiles/portada.pdf Graphic file (type pdf)
<use textFiles/portada.pdf>
Package pdftex.def Info: textFiles/portada.pdf  used on input line 87.
(pdftex.def)             Requested size: 614.29349pt x 794.96806pt.


pdfTeX warning: pdflatex (file ./textFiles/portada.pdf): PDF inclusion: found PDF version <1.6>, but at most version <1.5> allowed


pdfTeX warning: pdflatex (file ./textFiles/portada.pdf): PDF inclusion: found PDF version <1.6>, but at most version <1.5> allowed
<textFiles/portada.pdf, id=4, page=1, 614.295pt x 794.97pt>
File: textFiles/portada.pdf Graphic file (type pdf)
<use textFiles/portada.pdf, page 1>
Package pdftex.def Info: textFiles/portada.pdf , page1 used on input line 87.
(pdftex.def)             Requested size: 614.29349pt x 794.96806pt.
File: textFiles/portada.pdf Graphic file (type pdf)
<use textFiles/portada.pdf, page 1>
Package pdftex.def Info: textFiles/portada.pdf , page1 used on input line 87.
(pdftex.def)             Requested size: 597.78697pt x 773.60669pt.
File: textFiles/portada.pdf Graphic file (type pdf)
<use textFiles/portada.pdf, page 1>
Package pdftex.def Info: textFiles/portada.pdf , page1 used on input line 87.
(pdftex.def)             Requested size: 597.78697pt x 773.60669pt.
File: textFiles/portada.pdf Graphic file (type pdf)
<use textFiles/portada.pdf, page 1>
Package pdftex.def Info: textFiles/portada.pdf , page1 used on input line 87.
(pdftex.def)             Requested size: 597.78697pt x 773.60669pt.
File: textFiles/portada.pdf Graphic file (type pdf)
<use textFiles/portada.pdf, page 1>
Package pdftex.def Info: textFiles/portada.pdf , page1 used on input line 87.
(pdftex.def)             Requested size: 597.78697pt x 773.60669pt.
[1

 <./textFiles/portada.pdf>]
No file "El aprendizaje incrementado en el uso de las redes neuronales".toc.
\tf@toc=\write4
\openout4 = `"El aprendizaje incrementado en el uso de las redes neuronales.toc"'.

[2

{/var/lib/texmf/fonts/map/pdftex/updmap/pdftex.map}]
No file "El aprendizaje incrementado en el uso de las redes neuronales".lof.
\tf@lof=\write5
\openout5 = `"El aprendizaje incrementado en el uso de las redes neuronales.lof"'.

[3

]
\openout2 = `textFiles/introduction.aux'.

 (./textFiles/introduction.tex

Package natbib Warning: Citation `Liu2015' on page 4 undefined on input line 7.


Package natbib Warning: Citation `GiraudCarrier2000' on page 4 undefined on input line 9.


Package natbib Warning: Citation `bullinaria2009' on page 4 undefined on input line 12.


Package natbib Warning: Citation `Bullinaria2009' on page 4 undefined on input line 12.


Package natbib Warning: Citation `Bullinaria2009' on page 4 undefined on input line 14.

) [4

]
\openout2 = `textFiles/approach.aux'.

 (./textFiles/approach.tex
LaTeX Font Info:    External font `cmex10' loaded for size
(Font)              <7> on input line 5.
LaTeX Font Info:    External font `cmex10' loaded for size
(Font)              <5> on input line 5.


Package natbib Warning: Citation `Bullinaria2009' on page 5 undefined on input line 7.


Package natbib Warning: Citation `Bullinaria2009' on page 5 undefined on input line 9.


Package natbib Warning: Citation `Bullinaria2009' on page 5 undefined on input line 17.

[5



]

Package natbib Warning: Citation `Bullinaria2009' on page 6 undefined on input line 18.


Package natbib Warning: Citation `Bullinaria2009' on page 6 undefined on input line 19.


Package natbib Warning: Citation `Bullinaria2009' on page 6 undefined on input line 25.


Underfull \hbox (badness 10000) in paragraph at lines 41--45

 []


Underfull \hbox (badness 10000) in paragraph at lines 46--48

 []

[6]

Package natbib Warning: Citation `royo2021' on page 7 undefined on input line 55.

) [7]
\openout2 = `"textFiles/theoretical marco.aux"'.

 (./textFiles/theoretical marco.tex

Package natbib Warning: Citation `liu2015' on page 8 undefined on input line 12.


LaTeX Warning: Reference `fig:fig1' on page 8 undefined on input line 36.


Package natbib Warning: Citation `liu2015' on page 8 undefined on input line 44.

<images//MLP.png, id=51, 451.6875pt x 449.68pt>
File: images//MLP.png Graphic file (type png)
<use images//MLP.png>
Package pdftex.def Info: images//MLP.png  used on input line 48.
(pdftex.def)             Requested size: 446.70819pt x 444.75229pt.

Package natbib Warning: Citation `liu2015' on page 8 undefined on input line 49.


Package natbib Warning: Citation `liu2015' on page 8 undefined on input line 49.

[8



] [9 <./images//MLP.png>]

Package natbib Warning: Citation `duran2017' on page 10 undefined on input line 72.

<images//esquemaRedConvolucional.png, id=60, 885.3075pt x 244.915pt>
File: images//esquemaRedConvolucional.png Graphic file (type png)
<use images//esquemaRedConvolucional.png>
Package pdftex.def Info: images//esquemaRedConvolucional.png  used on input line 76.
(pdftex.def)             Requested size: 446.70819pt x 123.58205pt.

Package natbib Warning: Citation `duran2017' on page 10 undefined on input line 77.


Package natbib Warning: Citation `duran2017' on page 10 undefined on input line 77.


Package natbib Warning: Citation `Nrby2015' on page 10 undefined on input line 91.


Package natbib Warning: Citation `bransford2000' on page 10 undefined on input line 96.

[10 <./images//esquemaRedConvolucional.png>]

Package natbib Warning: Citation `perez2014' on page 11 undefined on input line 117.


Package natbib Warning: Citation `Huber2008' on page 11 undefined on input line 125.


Package natbib Warning: Citation `GiraudCarrier2000' on page 11 undefined on input line 133.


Package natbib Warning: Citation `GiraudCarrier2000' on page 11 undefined on input line 136.


Package natbib Warning: Citation `liu2015' on page 11 undefined on input line 142.


Package natbib Warning: Citation `GiraudCarrier2000' on page 11 undefined on input line 154.


Package natbib Warning: Citation `fisher1987' on page 11 undefined on input line 159.

) [11]
\openout2 = `textFiles/hypothesis.aux'.

 (./textFiles/hypothesis.tex) [12



]
\openout2 = `textFiles/methodology.aux'.

 (./textFiles/methodology.tex

Package natbib Warning: Citation `Bullinaria2009' on page 13 undefined on input line 2.

<images//diagramaGantt.png, id=72, 1227.58624pt x 793.96625pt>
File: images//diagramaGantt.png Graphic file (type png)
<use images//diagramaGantt.png>
Package pdftex.def Info: images//diagramaGantt.png  used on input line 15.
(pdftex.def)             Requested size: 446.70819pt x 288.91693pt.
) [13



 <./images//diagramaGantt.png>]
No file "El aprendizaje incrementado en el uso de las redes neuronales".bbl.

Package natbib Warning: There were undefined citations.

(build/El aprendizaje incrementado en el uso de las redes neuronales.aux
LaTeX Info: Redefining \. on input line 6.
LaTeX Info: Redefining \% on input line 6.
 (build/textFiles/introduction.aux) (build/textFiles/approach.aux) (build/textFiles/theoretical marco.aux) (build/textFiles/hypothesis.aux) (build/textFiles/methodology.aux))

LaTeX Warning: There were undefined references.


LaTeX Warning: Label(s) may have changed. Rerun to get cross-references right.

 ) 
Here is how much of TeX's memory you used:
 7730 strings out of 478287
 132893 string characters out of 5849289
 447873 words of memory out of 5000000
 25798 multiletter control sequences out of 15000+600000
 471729 words of font info for 36 fonts, out of 8000000 for 9000
 1141 hyphenation exceptions out of 8191
 70i,17n,79p,1448b,433s stack positions out of 5000i,500n,10000p,200000b,80000s
</usr/share/texlive/texmf-dist/fonts/type1/public/amsfonts/cm/cmbx10.pfb></usr/share/texlive/texmf-dist/fonts/type1/public/amsfonts/cm/cmbx12.pfb></usr/share/texlive/texmf-dist/fonts/type1/public/amsfonts/cm/cmmi10.pfb></usr/share/texlive/texmf-dist/fonts/type1/public/amsfonts/cm/cmmi7.pfb></usr/share/texlive/texmf-dist/fonts/type1/public/amsfonts/cm/cmr10.pfb></usr/share/texlive/texmf-dist/fonts/type1/public/amsfonts/cm/cmr7.pfb></usr/share/texlive/texmf-dist/fonts/type1/public/amsfonts/cm/cmti10.pfb>
Output written on "build/El aprendizaje incrementado en el uso de las redes neuronales.pdf" (13 pages, 428497 bytes).
PDF statistics:
 109 PDF objects out of 1000 (max. 8388607)
 62 compressed objects within 1 object stream
 0 named destinations out of 1000 (max. 500000)
 36 words of extra memory for PDF output out of 10000 (max. 10000000)

