This is pdfTeX, Version 3.141592653-2.6-1.40.25 (TeX Live 2023/Arch Linux) (preloaded format=pdflatex 2023.9.22)  8 NOV 2023 09:12
entering extended mode
 restricted \write18 enabled.
 file:line:error style messages enabled.
 %&-line parsing enabled.
**/home/luisg/Documents/Incremental-Learning/Thesis/Thesis.tex
(/home/luisg/Documents/Incremental-Learning/Thesis/Thesis.tex
LaTeX2e <2022-11-01> patch level 1
L3 programming layer <2023-02-22> (/usr/share/texmf-dist/tex/latex/base/report.cls
Document Class: report 2022/07/02 v1.4n Standard LaTeX document class
(/usr/share/texmf-dist/tex/latex/base/size12.clo
File: size12.clo 2022/07/02 v1.4n Standard LaTeX file (size option)
)
\c@part=\count185
\c@chapter=\count186
\c@section=\count187
\c@subsection=\count188
\c@subsubsection=\count189
\c@paragraph=\count190
\c@subparagraph=\count191
\c@figure=\count192
\c@table=\count193
\abovecaptionskip=\skip48
\belowcaptionskip=\skip49
\bibindent=\dimen140
) (/usr/share/texmf-dist/tex/generic/babel/babel.sty
Package: babel 2023/02/13 3.86 The Babel package
\babel@savecnt=\count194
\U@D=\dimen141
\l@unhyphenated=\language3
 (/usr/share/texmf-dist/tex/generic/babel/txtbabel.def)
\bbl@readstream=\read2
\bbl@dirlevel=\count195
 (/usr/share/texmf-dist/tex/generic/babel-spanish/spanish.ldf
Language: spanish.ldf 2021/05/27 v5.0q Spanish support from the babel system


Package babel Warning: No hyphenation patterns were preloaded for
(babel)                the language 'Spanish' into the format.
(babel)                Please, configure your TeX system to add them and
(babel)                rebuild the format. Now I will use the patterns
(babel)                preloaded for \language=0 instead on input line 51.

Package babel Info: Hyphen rules for 'spanish' set to \l@english
(babel)             (\language0). Reported on input line 52.
\es@quottoks=\toks16
\es@quotdepth=\count196
Package babel Info: Making " an active character on input line 570.
)) (/usr/share/texmf-dist/tex/generic/babel/locale/es/babel-spanish.tex
Package babel Info: Importing font and identification data for spanish
(babel)             from babel-es.ini. Reported on input line 11.
) (/usr/share/texmf-dist/tex/latex/base/inputenc.sty
Package: inputenc 2021/02/14 v1.3d Input encoding file
\inpenc@prehook=\toks17
\inpenc@posthook=\toks18
) (/usr/share/texmf-dist/tex/latex/setspace/setspace.sty
Package: setspace 2022/12/04 v6.7b set line spacing
) (/usr/share/texmf-dist/tex/latex/geometry/geometry.sty
Package: geometry 2020/01/02 v5.9 Page Geometry
 (/usr/share/texmf-dist/tex/latex/graphics/keyval.sty
Package: keyval 2022/05/29 v1.15 key=value parser (DPC)
\KV@toks@=\toks19
) (/usr/share/texmf-dist/tex/generic/iftex/ifvtex.sty
Package: ifvtex 2019/10/25 v1.7 ifvtex legacy package. Use iftex instead.
 (/usr/share/texmf-dist/tex/generic/iftex/iftex.sty
Package: iftex 2022/02/03 v1.0f TeX engine tests
))
\Gm@cnth=\count197
\Gm@cntv=\count198
\c@Gm@tempcnt=\count199
\Gm@bindingoffset=\dimen142
\Gm@wd@mp=\dimen143
\Gm@odd@mp=\dimen144
\Gm@even@mp=\dimen145
\Gm@layoutwidth=\dimen146
\Gm@layoutheight=\dimen147
\Gm@layouthoffset=\dimen148
\Gm@layoutvoffset=\dimen149
\Gm@dimlist=\toks20
) (/usr/share/texmf-dist/tex/latex/base/makeidx.sty
Package: makeidx 2021/10/04 v1.0m Standard LaTeX package
) (/usr/share/texmf-dist/tex/latex/url/url.sty
\Urlmuskip=\muskip16
Package: url 2013/09/16  ver 3.4  Verb mode for urls, etc.
) (/usr/share/texmf-dist/tex/latex/subfig/subfig.sty
Package: subfig 2005/06/28 ver: 1.3 subfig package
 (/usr/share/texmf-dist/tex/latex/caption/caption.sty
Package: caption 2023/03/12 v3.6j Customizing captions (AR)
 (/usr/share/texmf-dist/tex/latex/caption/caption3.sty
Package: caption3 2023/03/12 v2.4 caption3 kernel (AR)
\caption@tempdima=\dimen150
\captionmargin=\dimen151
\caption@leftmargin=\dimen152
\caption@rightmargin=\dimen153
\caption@width=\dimen154
\caption@indent=\dimen155
\caption@parindent=\dimen156
\caption@hangindent=\dimen157
Package caption Info: Standard document class detected.
)
\c@caption@flags=\count266
\c@continuedfloat=\count267
)
\c@KVtest=\count268
\sf@farskip=\skip50
\sf@captopadj=\dimen158
\sf@capskip=\skip51
\sf@nearskip=\skip52
\c@subfigure=\count269
\c@subfigure@save=\count270
\c@lofdepth=\count271
\c@subtable=\count272
\c@subtable@save=\count273
\c@lotdepth=\count274
\sf@top=\skip53
\sf@bottom=\skip54
) (/usr/share/texmf-dist/tex/latex/graphics/epsfig.sty
Package: epsfig 2017/06/25 v1.7b (e)psfig emulation (SPQR)
 (/usr/share/texmf-dist/tex/latex/graphics/graphicx.sty
Package: graphicx 2021/09/16 v1.2d Enhanced LaTeX Graphics (DPC,SPQR)
 (/usr/share/texmf-dist/tex/latex/graphics/graphics.sty
Package: graphics 2022/03/10 v1.4e Standard LaTeX Graphics (DPC,SPQR)
 (/usr/share/texmf-dist/tex/latex/graphics/trig.sty
Package: trig 2021/08/11 v1.11 sin cos tan (DPC)
) (/usr/share/texmf-dist/tex/latex/graphics-cfg/graphics.cfg
File: graphics.cfg 2016/06/04 v1.11 sample graphics configuration
)
Package graphics Info: Driver file: pdftex.def on input line 107.
 (/usr/share/texmf-dist/tex/latex/graphics-def/pdftex.def
File: pdftex.def 2022/09/22 v1.2b Graphics/color driver for pdftex
))
\Gin@req@height=\dimen159
\Gin@req@width=\dimen160
)
\epsfxsize=\dimen161
\epsfysize=\dimen162
) (/usr/share/texmf-dist/tex/latex/multirow/multirow.sty
Package: multirow 2021/03/15 v2.8 Span multiple rows of a table
\multirow@colwidth=\skip55
\multirow@cntb=\count275
\multirow@dima=\skip56
\bigstrutjot=\dimen163
) (/usr/share/texmf-dist/tex/latex/multirow/bigstrut.sty
Package: bigstrut 2021/03/15 v2.8 Provide larger struts in tabulars
) (/usr/share/texmf-dist/tex/latex/booktabs/booktabs.sty
Package: booktabs 2020/01/12 v1.61803398 Publication quality tables
\heavyrulewidth=\dimen164
\lightrulewidth=\dimen165
\cmidrulewidth=\dimen166
\belowrulesep=\dimen167
\belowbottomsep=\dimen168
\aboverulesep=\dimen169
\abovetopsep=\dimen170
\cmidrulesep=\dimen171
\cmidrulekern=\dimen172
\defaultaddspace=\dimen173
\@cmidla=\count276
\@cmidlb=\count277
\@aboverulesep=\dimen174
\@belowrulesep=\dimen175
\@thisruleclass=\count278
\@lastruleclass=\count279
\@thisrulewidth=\dimen176
) (/usr/share/texmf-dist/tex/latex/graphics/rotating.sty
Package: rotating 2016/08/11 v2.16d rotated objects in LaTeX
 (/usr/share/texmf-dist/tex/latex/base/ifthen.sty
Package: ifthen 2022/04/13 v1.1d Standard LaTeX ifthen package (DPC)
)
\c@r@tfl@t=\count280
\rotFPtop=\skip57
\rotFPbot=\skip58
\rot@float@box=\box51
\rot@mess@toks=\toks21
) (/usr/share/texmf-dist/tex/latex/algorithms/algorithm.sty
Package: algorithm 2009/08/24 v0.1 Document Style `algorithm' - floating environment
 (/usr/share/texmf-dist/tex/latex/float/float.sty
Package: float 2001/11/08 v1.3d Float enhancements (AL)
\c@float@type=\count281
\float@exts=\toks22
\float@box=\box52
\@float@everytoks=\toks23
\@floatcapt=\box53
)
\@float@every@algorithm=\toks24
\c@algorithm=\count282
) (/usr/share/texmf-dist/tex/latex/hyphenat/hyphenat.sty
Package: hyphenat 2009/09/02 v2.3c hyphenation utilities
\langwohyphens=\language4
LaTeX Info: Redefining \_ on input line 43.
) (/usr/share/texmf-dist/tex/latex/tools/array.sty
Package: array 2022/09/04 v2.5g Tabular extension package (FMi)
\col@sep=\dimen177
\ar@mcellbox=\box54
\extrarowheight=\dimen178
\NC@list=\toks25
\extratabsurround=\skip59
\backup@length=\skip60
\ar@cellbox=\box55
) (/usr/share/texmf-dist/tex/latex/pdflscape/pdflscape.sty
Package: pdflscape 2022-10-27 v0.13 Display of landscape pages in PDF
 (/usr/share/texmf-dist/tex/latex/pdflscape/pdflscape-nometadata.sty
Package: pdflscape-nometadata 2022-10-28 v0.13 Display of landscape pages in PDF (HO)
 (/usr/share/texmf-dist/tex/latex/graphics/lscape.sty
Package: lscape 2020/05/28 v3.02 Landscape Pages (DPC)
)
Package pdflscape Info: Auto-detected driver: pdftex on input line 81.
)) (/usr/share/texmf-dist/tex/latex/base/textcomp.sty
Package: textcomp 2020/02/02 v2.0n Standard LaTeX package
) (/usr/share/texmf-dist/tex/latex/acronym/acronym.sty
Package: acronym 2020/04/17 v1.47 Support for acronyms (Tobias Oetiker)
 (/usr/share/texmf-dist/tex/latex/bigfoot/suffix.sty
Package: suffix 2006/07/15 1.5a Variant command support
) (/usr/share/texmf-dist/tex/generic/xstring/xstring.sty (/usr/share/texmf-dist/tex/generic/xstring/xstring.tex
\integerpart=\count283
\decimalpart=\count284
)
Package: xstring 2023/01/14 v1.85 String manipulations (CT)
)
\AC@clearlist=\toks26
) (/usr/share/texmf-dist/tex/latex/pdfpages/pdfpages.sty
Package: pdfpages 2022/12/19 v0.5x Insert pages of external PDF documents (AM)
 (/usr/share/texmf-dist/tex/latex/tools/calc.sty
Package: calc 2017/05/25 v4.3 Infix arithmetic (KKT,FJ)
\calc@Acount=\count285
\calc@Bcount=\count286
\calc@Adimen=\dimen179
\calc@Bdimen=\dimen180
\calc@Askip=\skip61
\calc@Bskip=\skip62
LaTeX Info: Redefining \setlength on input line 80.
LaTeX Info: Redefining \addtolength on input line 81.
\calc@Ccount=\count287
\calc@Cskip=\skip63
) (/usr/share/texmf-dist/tex/latex/eso-pic/eso-pic.sty
Package: eso-pic 2020/10/14 v3.0a eso-pic (RN)
\ESO@tempdima=\dimen181
\ESO@tempdimb=\dimen182
 (/usr/share/texmf-dist/tex/latex/xcolor/xcolor.sty
Package: xcolor 2022/06/12 v2.14 LaTeX color extensions (UK)
 (/usr/share/texmf-dist/tex/latex/graphics-cfg/color.cfg
File: color.cfg 2016/01/02 v1.6 sample color configuration
)
Package xcolor Info: Driver file: pdftex.def on input line 227.
 (/usr/share/texmf-dist/tex/latex/graphics/mathcolor.ltx)
Package xcolor Info: Model `cmy' substituted by `cmy0' on input line 1353.
Package xcolor Info: Model `hsb' substituted by `rgb' on input line 1357.
Package xcolor Info: Model `RGB' extended on input line 1369.
Package xcolor Info: Model `HTML' substituted by `rgb' on input line 1371.
Package xcolor Info: Model `Hsb' substituted by `hsb' on input line 1372.
Package xcolor Info: Model `tHsb' substituted by `hsb' on input line 1373.
Package xcolor Info: Model `HSB' substituted by `hsb' on input line 1374.
Package xcolor Info: Model `Gray' substituted by `gray' on input line 1375.
Package xcolor Info: Model `wave' substituted by `hsb' on input line 1376.
))
\AM@pagewidth=\dimen183
\AM@pageheight=\dimen184
\AM@fboxrule=\dimen185
 (/usr/share/texmf-dist/tex/latex/pdfpages/pppdftex.def
File: pppdftex.def 2022/12/19 v0.5x Pdfpages driver for pdfTeX (AM)
)
\pdfpages@includegraphics@status=\count288
\AM@pagebox=\box56
\AM@global@opts=\toks27
\AM@pagecnt=\count289
\AM@toc@title=\toks28
\AM@lof@heading=\toks29
\c@AM@survey=\count290
\AM@templatesizebox=\box57
)
\@indexfile=\write3
\openout3 = `Thesis.idx'.


Writing index file Thesis.idx
(/usr/share/texmf-dist/tex/latex/l3backend/l3backend-pdftex.def
File: l3backend-pdftex.def 2023-01-16 L3 backend support: PDF output (pdfTeX)
\l__color_backend_stack_int=\count291
\l__pdf_internal_box=\box58
) (build/Thesis.aux
LaTeX Info: Redefining \. on input line 6.
LaTeX Info: Redefining \% on input line 6.
 (build/textFiles/acroList.aux) (build/textFiles/introduction.aux) (build/textFiles/approach.aux) (build/textFiles/objectives.aux) (build/textFiles/researchQuestion.aux) (build/textFiles/justification.aux) (build/textFiles/delimitation.aux) (build/textFiles/literatureReview.aux) (build/textFiles/methodology.aux))
\openout1 = `Thesis.aux'.

LaTeX Font Info:    Checking defaults for OML/cmm/m/it on input line 34.
LaTeX Font Info:    ... okay on input line 34.
LaTeX Font Info:    Checking defaults for OMS/cmsy/m/n on input line 34.
LaTeX Font Info:    ... okay on input line 34.
LaTeX Font Info:    Checking defaults for OT1/cmr/m/n on input line 34.
LaTeX Font Info:    ... okay on input line 34.
LaTeX Font Info:    Checking defaults for T1/cmr/m/n on input line 34.
LaTeX Font Info:    ... okay on input line 34.
LaTeX Font Info:    Checking defaults for TS1/cmr/m/n on input line 34.
LaTeX Font Info:    ... okay on input line 34.
LaTeX Font Info:    Checking defaults for OMX/cmex/m/n on input line 34.
LaTeX Font Info:    ... okay on input line 34.
LaTeX Font Info:    Checking defaults for U/cmr/m/n on input line 34.
LaTeX Font Info:    ... okay on input line 34.
LaTeX Info: Redefining \. on input line 34.
LaTeX Info: Redefining \% on input line 34.

*geometry* driver: auto-detecting
*geometry* detected driver: pdftex
*geometry* verbose mode - [ preamble ] result:
* driver: pdftex
* paper: a4paper
* layout: <same size as paper>
* layoutoffset:(h,v)=(0.0pt,0.0pt)
* modes: 
* h-part:(L,W,R)=(93.89418pt, 446.70819pt, 56.9055pt)
* v-part:(T,H,B)=(68.28644pt, 699.93806pt, 76.82234pt)
* \paperwidth=597.50787pt
* \paperheight=845.04684pt
* \textwidth=446.70819pt
* \textheight=699.93806pt
* \oddsidemargin=21.62419pt
* \evensidemargin=21.62419pt
* \topmargin=-40.98355pt
* \headheight=12.0pt
* \headsep=25.0pt
* \topskip=12.0pt
* \footskip=30.0pt
* \marginparwidth=35.0pt
* \marginparsep=10.0pt
* \columnsep=10.0pt
* \skip\footins=10.8pt plus 4.0pt minus 2.0pt
* \hoffset=0.0pt
* \voffset=0.0pt
* \mag=1000
* \@twocolumnfalse
* \@twosidefalse
* \@mparswitchfalse
* \@reversemarginfalse
* (1in=72.27pt=25.4mm, 1cm=28.453pt)

Package caption Info: Begin \AtBeginDocument code.
Package caption Info: subfig package v1.3 is loaded.
Package caption Info: float package is loaded.
Package caption Info: rotating package is loaded.
Package caption Info: End \AtBeginDocument code.
(/usr/share/texmf-dist/tex/context/base/mkii/supp-pdf.mkii
[Loading MPS to PDF converter (version 2006.09.02).]
\scratchcounter=\count292
\scratchdimen=\dimen186
\scratchbox=\box59
\nofMPsegments=\count293
\nofMParguments=\count294
\everyMPshowfont=\toks30
\MPscratchCnt=\count295
\MPscratchDim=\dimen187
\MPnumerator=\count296
\makeMPintoPDFobject=\count297
\everyMPtoPDFconversion=\toks31
) (/usr/share/texmf-dist/tex/latex/epstopdf-pkg/epstopdf-base.sty
Package: epstopdf-base 2020-01-24 v2.11 Base part for package epstopdf
Package epstopdf-base Info: Redefining graphics rule for `.eps' on input line 485.
 (/usr/share/texmf-dist/tex/latex/latexconfig/epstopdf-sys.cfg
File: epstopdf-sys.cfg 2010/07/13 v1.3 Configuration of (r)epstopdf for TeX Live
))

pdfTeX warning: pdflatex (file ./textFiles/portada.pdf): PDF inclusion: found PDF version <1.7>, but at most version <1.5> allowed
<textFiles/portada.pdf, id=1, 614.295pt x 794.97pt>
File: textFiles/portada.pdf Graphic file (type pdf)
<use textFiles/portada.pdf>
Package pdftex.def Info: textFiles/portada.pdf  used on input line 36.
(pdftex.def)             Requested size: 614.29349pt x 794.96806pt.


pdfTeX warning: pdflatex (file ./textFiles/portada.pdf): PDF inclusion: found PDF version <1.7>, but at most version <1.5> allowed
File: textFiles/portada.pdf Graphic file (type pdf)
<use textFiles/portada.pdf>
Package pdftex.def Info: textFiles/portada.pdf  used on input line 36.
(pdftex.def)             Requested size: 614.29349pt x 794.96806pt.


pdfTeX warning: pdflatex (file ./textFiles/portada.pdf): PDF inclusion: found PDF version <1.7>, but at most version <1.5> allowed


pdfTeX warning: pdflatex (file ./textFiles/portada.pdf): PDF inclusion: found PDF version <1.7>, but at most version <1.5> allowed
<textFiles/portada.pdf, id=4, page=1, 614.295pt x 794.97pt>
File: textFiles/portada.pdf Graphic file (type pdf)
<use textFiles/portada.pdf, page 1>
Package pdftex.def Info: textFiles/portada.pdf , page1 used on input line 36.
(pdftex.def)             Requested size: 614.29349pt x 794.96806pt.
File: textFiles/portada.pdf Graphic file (type pdf)
<use textFiles/portada.pdf, page 1>
Package pdftex.def Info: textFiles/portada.pdf , page1 used on input line 36.
(pdftex.def)             Requested size: 597.78697pt x 773.60669pt.
File: textFiles/portada.pdf Graphic file (type pdf)
<use textFiles/portada.pdf, page 1>
Package pdftex.def Info: textFiles/portada.pdf , page1 used on input line 36.
(pdftex.def)             Requested size: 597.78697pt x 773.60669pt.
File: textFiles/portada.pdf Graphic file (type pdf)
<use textFiles/portada.pdf, page 1>
Package pdftex.def Info: textFiles/portada.pdf , page1 used on input line 36.
(pdftex.def)             Requested size: 597.78697pt x 773.60669pt.
File: textFiles/portada.pdf Graphic file (type pdf)
<use textFiles/portada.pdf, page 1>
Package pdftex.def Info: textFiles/portada.pdf , page1 used on input line 36.
(pdftex.def)             Requested size: 597.78697pt x 773.60669pt.
[1

 <./textFiles/portada.pdf>]
Underfull \hbox (badness 10000) in paragraph at lines 50--56

 []

[1{/var/lib/texmf/fonts/map/pdftex/updmap/pdftex.map}] [1] [2] [3

] (build/Thesis.toc
LaTeX Info: Redefining \. on input line 1.
LaTeX Info: Redefining \% on input line 1.
LaTeX Font Info:    External font `cmex10' loaded for size
(Font)              <12> on input line 5.
LaTeX Font Info:    External font `cmex10' loaded for size
(Font)              <8> on input line 5.
LaTeX Font Info:    External font `cmex10' loaded for size
(Font)              <6> on input line 5.
)
\tf@toc=\write4
\openout4 = `Thesis.toc'.

 [4

] (build/Thesis.lof
LaTeX Info: Redefining \. on input line 1.
LaTeX Info: Redefining \% on input line 1.
)
\tf@lof=\write5
\openout5 = `Thesis.lof'.

 [5

] (build/Thesis.lot
LaTeX Info: Redefining \. on input line 1.
LaTeX Info: Redefining \% on input line 1.
)
\tf@lot=\write6
\openout6 = `Thesis.lot'.

 [6

] [7]
\openout2 = `textFiles/acroList.aux'.

 (./textFiles/acroList.tex) [8


]
\openout2 = `textFiles/introduction.aux'.

 (./textFiles/introduction.tex
Cap\'{\i }tulo 1.

Underfull \hbox (badness 10000) in paragraph at lines 2--3

 []


Underfull \hbox (badness 10000) in paragraph at lines 4--6

 []


Underfull \hbox (badness 10000) in paragraph at lines 7--8

 []

[1




]
Underfull \hbox (badness 10000) in paragraph at lines 9--10

 []

) [2]
\openout2 = `textFiles/approach.aux'.

 (./textFiles/approach.tex
Cap\'{\i }tulo 2.

Underfull \hbox (badness 10000) in paragraph at lines 4--19

 []


Underfull \hbox (badness 10000) in paragraph at lines 20--30

 []

[3




]
Underfull \hbox (badness 10000) in paragraph at lines 31--44

 []


Underfull \hbox (badness 10000) in paragraph at lines 45--49

 []

[4]) [5]
\openout2 = `textFiles/objectives.aux'.

 (./textFiles/objectives.tex
Cap\'{\i }tulo 3.
) [6




]
\openout2 = `textFiles/researchQuestion.aux'.

 (./textFiles/researchQuestion.tex
Cap\'{\i }tulo 4.
) [7




]
\openout2 = `textFiles/justification.aux'.

 (./textFiles/justification.tex
Cap\'{\i }tulo 5.

Underfull \hbox (badness 10000) in paragraph at lines 4--9

 []


Underfull \hbox (badness 10000) in paragraph at lines 10--20

 []


Underfull \hbox (badness 10000) in paragraph at lines 21--25

 []

[8




]
Underfull \hbox (badness 10000) in paragraph at lines 26--40

 []


Underfull \hbox (badness 10000) in paragraph at lines 41--46

 []


Underfull \hbox (badness 10000) in paragraph at lines 47--54

 []

[9]) [10]
\openout2 = `textFiles/delimitation.aux'.

 (./textFiles/delimitation.tex
Cap\'{\i }tulo 6.
) [11




]
\openout2 = `textFiles/literatureReview.aux'.

 (./textFiles/literatureReview.tex
Cap\'{\i }tulo 7.
<images//ANN.jpg, id=94, 317.988pt x 184.2885pt>
File: images//ANN.jpg Graphic file (type jpg)
<use images//ANN.jpg>
Package pdftex.def Info: images//ANN.jpg  used on input line 8.
(pdftex.def)             Requested size: 446.70819pt x 258.90196pt.
[12




 <./images//ANN.jpg>] [13]
<images//staggered.png, id=102, 444.66125pt x 270.00874pt>
File: images//staggered.png Graphic file (type png)
<use images//staggered.png>
Package pdftex.def Info: images//staggered.png  used on input line 37.
(pdftex.def)             Requested size: 142.26378pt x 86.38396pt.
 [14 <./images//staggered.png>]
<images//MetodosAprendizajeIncremental.png, id=110, 832.61063pt x 397.485pt>
File: images//MetodosAprendizajeIncremental.png Graphic file (type png)
<use images//MetodosAprendizajeIncremental.png>
Package pdftex.def Info: images//MetodosAprendizajeIncremental.png  used on input line 62.
(pdftex.def)             Requested size: 446.70819pt x 213.25584pt.

Underfull \hbox (badness 10000) in paragraph at lines 66--67

 []


Underfull \hbox (badness 10000) in paragraph at lines 68--71

 []


Underfull \hbox (badness 10000) in paragraph at lines 72--77

 []

[15 <./images/MetodosAprendizajeIncremental.PNG>]
Underfull \hbox (badness 10000) in paragraph at lines 78--85

 []


Underfull \hbox (badness 10000) in paragraph at lines 78--85

 []


Underfull \hbox (badness 10000) in paragraph at lines 86--87

 []

)
Underfull \hbox (badness 10000) in paragraph at lines 95--122

 []

[16] [17]
\openout2 = `textFiles/methodology.aux'.

 (./textFiles/methodology.tex
Cap\'{\i }tulo 8.

Underfull \hbox (badness 10000) in paragraph at lines 4--6

 []


Underfull \hbox (badness 10000) in paragraph at lines 7--8

 []

) [18




] (build/Thesis.bbl [19



]) [20] (build/Thesis.aux
LaTeX Info: Redefining \. on input line 6.
LaTeX Info: Redefining \% on input line 6.
 (build/textFiles/acroList.aux) (build/textFiles/introduction.aux) (build/textFiles/approach.aux) (build/textFiles/objectives.aux) (build/textFiles/researchQuestion.aux) (build/textFiles/justification.aux) (build/textFiles/delimitation.aux) (build/textFiles/literatureReview.aux) (build/textFiles/methodology.aux)) ) 
Here is how much of TeX's memory you used:
 7781 strings out of 477985
 137177 string characters out of 5840058
 1857388 words of memory out of 5000000
 27791 multiletter control sequences out of 15000+600000
 517795 words of font info for 50 fonts, out of 8000000 for 9000
 14 hyphenation exceptions out of 8191
 72i,17n,79p,1255b,425s stack positions out of 10000i,1000n,20000p,200000b,200000s
</usr/share/texmf-dist/fonts/type1/public/amsfonts/cm/cmbx12.pfb></usr/share/texmf-dist/fonts/type1/public/amsfonts/cm/cmcsc10.pfb></usr/share/texmf-dist/fonts/type1/public/amsfonts/cm/cmex10.pfb></usr/share/texmf-dist/fonts/type1/public/amsfonts/cm/cmmi12.pfb></usr/share/texmf-dist/fonts/type1/public/amsfonts/cm/cmmi8.pfb></usr/share/texmf-dist/fonts/type1/public/amsfonts/cm/cmr12.pfb></usr/share/texmf-dist/fonts/type1/public/amsfonts/cm/cmr8.pfb></usr/share/texmf-dist/fonts/type1/public/amsfonts/cm/cmsy10.pfb></usr/share/texmf-dist/fonts/type1/public/amsfonts/cm/cmti12.pfb>
Output written on build/Thesis.pdf (30 pages, 287442 bytes).
PDF statistics:
 171 PDF objects out of 1000 (max. 8388607)
 103 compressed objects within 2 object streams
 0 named destinations out of 1000 (max. 500000)
 36 words of extra memory for PDF output out of 10000 (max. 10000000)

